<?xml version="1.0" encoding="UTF-8"?>
<!-- Generated by org.testng.reporters.JUnitReportReporter -->
<testsuite hostname="DESKTOP-BTTUIT1" failures="0" tests="1" name="com.wipro.testcases.TC_02_Login" time="14.038" errors="0" timestamp="2023-06-13T09:18:14 IST" skipped="0">
  <testcase classname="com.wipro.testcases.TC_02_Login" name="sheet2" time="14.038"/>
</testsuite> <!-- com.wipro.testcases.TC_02_Login -->
